2023-12-15 23:00:57,021 [Worker-9: Loading available Gradle versions] INFO  o.e.b.c.i.u.g.PublishedGradleVersions - Gradle version information cache is up-to-date. Trying to read.
2023-12-15 23:03:22,709 [Worker-28: Creating project "MavenDemo1"] INFO  o.e.m.c.i.l.LifecycleMappingFactory - Using org.eclipse.m2e.jdt.JarLifecycleMapping lifecycle mapping for MavenProject: com.example:MavenDemo1:0.0.1-SNAPSHOT @ D:\IndustryReadyJava\Maven\workspace\MavenDemo1\pom.xml.
2023-12-15 23:03:24,693 [Worker-28: Creating project "MavenDemo1"] INFO  o.e.m.j.i.AbstractJavaProjectConfigurator - Adding source folder /MavenDemo1/src/main/java
2023-12-15 23:03:24,694 [Worker-28: Creating project "MavenDemo1"] INFO  o.e.m.j.i.AbstractJavaProjectConfigurator - Adding resource folder /MavenDemo1/src/main/resources
2023-12-15 23:03:24,697 [Worker-28: Creating project "MavenDemo1"] INFO  o.e.m.j.i.AbstractJavaProjectConfigurator - Adding source folder /MavenDemo1/src/test/java
2023-12-15 23:03:24,697 [Worker-28: Creating project "MavenDemo1"] INFO  o.e.m.j.i.AbstractJavaProjectConfigurator - Adding resource folder /MavenDemo1/src/test/resources
2023-12-15 23:03:26,924 [Worker-4: Building] WARN  o.a.m.s.f.DefaultMavenResourcesFiltering - Using platform encoding (Cp1252 actually) to copy filtered resources, i.e. build is platform dependent!
2023-12-15 23:03:26,938 [Worker-4: Building] INFO  o.a.m.s.f.DefaultMavenResourcesFiltering - Copying 0 resource from src\main\resources to target\classes
2023-12-15 23:03:26,946 [Worker-4: Building] WARN  o.a.m.s.f.DefaultMavenResourcesFiltering - Using platform encoding (Cp1252 actually) to copy filtered resources, i.e. build is platform dependent!
2023-12-15 23:03:26,947 [Worker-4: Building] INFO  o.a.m.s.f.DefaultMavenResourcesFiltering - Copying 0 resource from src\test\resources to target\test-classes
2023-12-15 23:04:33,981 [Worker-31: Building] INFO  o.e.m.c.i.l.LifecycleMappingFactory - Using org.eclipse.m2e.jdt.JarLifecycleMapping lifecycle mapping for MavenProject: com.example:MavenDemo1:0.0.1-SNAPSHOT @ D:\IndustryReadyJava\Maven\workspace\MavenDemo1\pom.xml.
2023-12-15 23:04:34,275 [Worker-31: Building] WARN  o.a.m.s.f.DefaultMavenResourcesFiltering - Using platform encoding (Cp1252 actually) to copy filtered resources, i.e. build is platform dependent!
2023-12-15 23:04:34,278 [Worker-31: Building] INFO  o.a.m.s.f.DefaultMavenResourcesFiltering - Copying 0 resource from src\main\resources to target\classes
2023-12-15 23:04:34,282 [Worker-31: Building] WARN  o.a.m.s.f.DefaultMavenResourcesFiltering - Using platform encoding (Cp1252 actually) to copy filtered resources, i.e. build is platform dependent!
2023-12-15 23:04:34,283 [Worker-31: Building] INFO  o.a.m.s.f.DefaultMavenResourcesFiltering - Copying 0 resource from src\test\resources to target\test-classes
2023-12-16 14:58:22,480 [Worker-2: Loading available Gradle versions] INFO  o.e.b.c.i.u.g.PublishedGradleVersions - Gradle version information cache is up-to-date. Trying to read.
2023-12-16 17:10:17,709 [ModalContext] INFO  o.e.m.c.i.e.AbstractTransferListenerAdapter - Downloading https://repo.maven.apache.org/maven2/am/ik/archetype/spring-boot-blank-archetype/1.0.6/spring-boot-blank-archetype-1.0.6.pom
2023-12-16 17:10:17,787 [ModalContext] INFO  o.e.m.c.i.e.AbstractTransferListenerAdapter - Downloaded https://repo.maven.apache.org/maven2/am/ik/archetype/spring-boot-blank-archetype/1.0.6/spring-boot-blank-archetype-1.0.6.pom
2023-12-16 17:10:17,887 [ModalContext] INFO  o.e.m.c.i.e.AbstractTransferListenerAdapter - Downloading https://repo.maven.apache.org/maven2/am/ik/archetype/spring-boot-blank-archetype/1.0.6/spring-boot-blank-archetype-1.0.6.jar
2023-12-16 17:10:17,935 [ModalContext] INFO  o.e.m.c.i.e.AbstractTransferListenerAdapter - Downloaded https://repo.maven.apache.org/maven2/am/ik/archetype/spring-boot-blank-archetype/1.0.6/spring-boot-blank-archetype-1.0.6.jar
2023-12-16 17:10:38,726 [Worker-50: Launching mavenrun-e9857a21-ac10-45b4-b510-ea866373a06f] INFO  o.eclipse.m2e.core.internal.Bundles - getClasspathEntries(Bundle=org.eclipse.m2e.maven.runtime_3.9.400.20230826-0755 [623])
2023-12-16 17:10:38,782 [Worker-50: Launching mavenrun-e9857a21-ac10-45b4-b510-ea866373a06f] INFO  o.eclipse.m2e.core.internal.Bundles - 	Entry: C:\Users\NSult\.p2\pool\plugins\org.eclipse.m2e.maven.runtime_3.9.400.20230826-0755
2023-12-16 17:10:38,782 [Worker-50: Launching mavenrun-e9857a21-ac10-45b4-b510-ea866373a06f] INFO  o.eclipse.m2e.core.internal.Bundles - 	Entry: C:\Users\NSult\.p2\pool\plugins\org.eclipse.m2e.maven.runtime_3.9.400.20230826-0755\jars\aether-connector-okhttp-0.17.8.jar
2023-12-16 17:10:38,783 [Worker-50: Launching mavenrun-e9857a21-ac10-45b4-b510-ea866373a06f] INFO  o.eclipse.m2e.core.internal.Bundles - 	Entry: C:\Users\NSult\.p2\pool\plugins\org.eclipse.m2e.maven.runtime_3.9.400.20230826-0755\jars\aopalliance-1.0.jar
2023-12-16 17:10:38,783 [Worker-50: Launching mavenrun-e9857a21-ac10-45b4-b510-ea866373a06f] INFO  o.eclipse.m2e.core.internal.Bundles - 	Entry: C:\Users\NSult\.p2\pool\plugins\org.eclipse.m2e.maven.runtime_3.9.400.20230826-0755\jars\commons-lang3-3.12.0.jar
2023-12-16 17:10:38,784 [Worker-50: Launching mavenrun-e9857a21-ac10-45b4-b510-ea866373a06f] INFO  o.eclipse.m2e.core.internal.Bundles - 	Entry: C:\Users\NSult\.p2\pool\plugins\org.eclipse.m2e.maven.runtime_3.9.400.20230826-0755\jars\guice-5.1.0.jar
2023-12-16 17:10:38,784 [Worker-50: Launching mavenrun-e9857a21-ac10-45b4-b510-ea866373a06f] INFO  o.eclipse.m2e.core.internal.Bundles - 	Entry: C:\Users\NSult\.p2\pool\plugins\org.eclipse.m2e.maven.runtime_3.9.400.20230826-0755\jars\jansi-2.4.0.jar
2023-12-16 17:10:38,784 [Worker-50: Launching mavenrun-e9857a21-ac10-45b4-b510-ea866373a06f] INFO  o.eclipse.m2e.core.internal.Bundles - 	Entry: C:\Users\NSult\.p2\pool\plugins\org.eclipse.m2e.maven.runtime_3.9.400.20230826-0755\jars\maven-artifact-3.9.4.jar
2023-12-16 17:10:38,784 [Worker-50: Launching mavenrun-e9857a21-ac10-45b4-b510-ea866373a06f] INFO  o.eclipse.m2e.core.internal.Bundles - 	Entry: C:\Users\NSult\.p2\pool\plugins\org.eclipse.m2e.maven.runtime_3.9.400.20230826-0755\jars\maven-builder-support-3.9.4.jar
2023-12-16 17:10:38,785 [Worker-50: Launching mavenrun-e9857a21-ac10-45b4-b510-ea866373a06f] INFO  o.eclipse.m2e.core.internal.Bundles - 	Entry: C:\Users\NSult\.p2\pool\plugins\org.eclipse.m2e.maven.runtime_3.9.400.20230826-0755\jars\maven-compat-3.9.4.jar
2023-12-16 17:10:38,785 [Worker-50: Launching mavenrun-e9857a21-ac10-45b4-b510-ea866373a06f] INFO  o.eclipse.m2e.core.internal.Bundles - 	Entry: C:\Users\NSult\.p2\pool\plugins\org.eclipse.m2e.maven.runtime_3.9.400.20230826-0755\jars\maven-core-3.9.4.jar
2023-12-16 17:10:38,785 [Worker-50: Launching mavenrun-e9857a21-ac10-45b4-b510-ea866373a06f] INFO  o.eclipse.m2e.core.internal.Bundles - 	Entry: C:\Users\NSult\.p2\pool\plugins\org.eclipse.m2e.maven.runtime_3.9.400.20230826-0755\jars\maven-embedder-3.9.4.jar
2023-12-16 17:10:38,786 [Worker-50: Launching mavenrun-e9857a21-ac10-45b4-b510-ea866373a06f] INFO  o.eclipse.m2e.core.internal.Bundles - 	Entry: C:\Users\NSult\.p2\pool\plugins\org.eclipse.m2e.maven.runtime_3.9.400.20230826-0755\jars\maven-model-3.9.4.jar
2023-12-16 17:10:38,786 [Worker-50: Launching mavenrun-e9857a21-ac10-45b4-b510-ea866373a06f] INFO  o.eclipse.m2e.core.internal.Bundles - 	Entry: C:\Users\NSult\.p2\pool\plugins\org.eclipse.m2e.maven.runtime_3.9.400.20230826-0755\jars\maven-model-builder-3.9.4.jar
2023-12-16 17:10:38,786 [Worker-50: Launching mavenrun-e9857a21-ac10-45b4-b510-ea866373a06f] INFO  o.eclipse.m2e.core.internal.Bundles - 	Entry: C:\Users\NSult\.p2\pool\plugins\org.eclipse.m2e.maven.runtime_3.9.400.20230826-0755\jars\maven-plugin-api-3.9.4.jar
2023-12-16 17:10:38,786 [Worker-50: Launching mavenrun-e9857a21-ac10-45b4-b510-ea866373a06f] INFO  o.eclipse.m2e.core.internal.Bundles - 	Entry: C:\Users\NSult\.p2\pool\plugins\org.eclipse.m2e.maven.runtime_3.9.400.20230826-0755\jars\maven-repository-metadata-3.9.4.jar
2023-12-16 17:10:38,786 [Worker-50: Launching mavenrun-e9857a21-ac10-45b4-b510-ea866373a06f] INFO  o.eclipse.m2e.core.internal.Bundles - 	Entry: C:\Users\NSult\.p2\pool\plugins\org.eclipse.m2e.maven.runtime_3.9.400.20230826-0755\jars\maven-resolver-api-1.9.14.jar
2023-12-16 17:10:38,787 [Worker-50: Launching mavenrun-e9857a21-ac10-45b4-b510-ea866373a06f] INFO  o.eclipse.m2e.core.internal.Bundles - 	Entry: C:\Users\NSult\.p2\pool\plugins\org.eclipse.m2e.maven.runtime_3.9.400.20230826-0755\jars\maven-resolver-connector-basic-1.9.14.jar
2023-12-16 17:10:38,787 [Worker-50: Launching mavenrun-e9857a21-ac10-45b4-b510-ea866373a06f] INFO  o.eclipse.m2e.core.internal.Bundles - 	Entry: C:\Users\NSult\.p2\pool\plugins\org.eclipse.m2e.maven.runtime_3.9.400.20230826-0755\jars\maven-resolver-impl-1.9.14.jar
2023-12-16 17:10:38,787 [Worker-50: Launching mavenrun-e9857a21-ac10-45b4-b510-ea866373a06f] INFO  o.eclipse.m2e.core.internal.Bundles - 	Entry: C:\Users\NSult\.p2\pool\plugins\org.eclipse.m2e.maven.runtime_3.9.400.20230826-0755\jars\maven-resolver-named-locks-1.9.14.jar
2023-12-16 17:10:38,787 [Worker-50: Launching mavenrun-e9857a21-ac10-45b4-b510-ea866373a06f] INFO  o.eclipse.m2e.core.internal.Bundles - 	Entry: C:\Users\NSult\.p2\pool\plugins\org.eclipse.m2e.maven.runtime_3.9.400.20230826-0755\jars\maven-resolver-provider-3.9.4.jar
2023-12-16 17:10:38,788 [Worker-50: Launching mavenrun-e9857a21-ac10-45b4-b510-ea866373a06f] INFO  o.eclipse.m2e.core.internal.Bundles - 	Entry: C:\Users\NSult\.p2\pool\plugins\org.eclipse.m2e.maven.runtime_3.9.400.20230826-0755\jars\maven-resolver-spi-1.9.14.jar
2023-12-16 17:10:38,788 [Worker-50: Launching mavenrun-e9857a21-ac10-45b4-b510-ea866373a06f] INFO  o.eclipse.m2e.core.internal.Bundles - 	Entry: C:\Users\NSult\.p2\pool\plugins\org.eclipse.m2e.maven.runtime_3.9.400.20230826-0755\jars\maven-resolver-transport-wagon-1.9.14.jar
2023-12-16 17:10:38,788 [Worker-50: Launching mavenrun-e9857a21-ac10-45b4-b510-ea866373a06f] INFO  o.eclipse.m2e.core.internal.Bundles - 	Entry: C:\Users\NSult\.p2\pool\plugins\org.eclipse.m2e.maven.runtime_3.9.400.20230826-0755\jars\maven-resolver-util-1.9.14.jar
2023-12-16 17:10:38,788 [Worker-50: Launching mavenrun-e9857a21-ac10-45b4-b510-ea866373a06f] INFO  o.eclipse.m2e.core.internal.Bundles - 	Entry: C:\Users\NSult\.p2\pool\plugins\org.eclipse.m2e.maven.runtime_3.9.400.20230826-0755\jars\maven-settings-3.9.4.jar
2023-12-16 17:10:38,788 [Worker-50: Launching mavenrun-e9857a21-ac10-45b4-b510-ea866373a06f] INFO  o.eclipse.m2e.core.internal.Bundles - 	Entry: C:\Users\NSult\.p2\pool\plugins\org.eclipse.m2e.maven.runtime_3.9.400.20230826-0755\jars\maven-settings-builder-3.9.4.jar
2023-12-16 17:10:38,788 [Worker-50: Launching mavenrun-e9857a21-ac10-45b4-b510-ea866373a06f] INFO  o.eclipse.m2e.core.internal.Bundles - 	Entry: C:\Users\NSult\.p2\pool\plugins\org.eclipse.m2e.maven.runtime_3.9.400.20230826-0755\jars\maven-shared-utils-3.3.4.jar
2023-12-16 17:10:38,789 [Worker-50: Launching mavenrun-e9857a21-ac10-45b4-b510-ea866373a06f] INFO  o.eclipse.m2e.core.internal.Bundles - 	Entry: C:\Users\NSult\.p2\pool\plugins\org.eclipse.m2e.maven.runtime_3.9.400.20230826-0755\jars\okhttp-3.14.1.jar
2023-12-16 17:10:38,789 [Worker-50: Launching mavenrun-e9857a21-ac10-45b4-b510-ea866373a06f] INFO  o.eclipse.m2e.core.internal.Bundles - 	Entry: C:\Users\NSult\.p2\pool\plugins\org.eclipse.m2e.maven.runtime_3.9.400.20230826-0755\jars\okio-1.17.3.jar
2023-12-16 17:10:38,789 [Worker-50: Launching mavenrun-e9857a21-ac10-45b4-b510-ea866373a06f] INFO  o.eclipse.m2e.core.internal.Bundles - 	Entry: C:\Users\NSult\.p2\pool\plugins\org.eclipse.m2e.maven.runtime_3.9.400.20230826-0755\jars\org.eclipse.sisu.inject-0.3.5.jar
2023-12-16 17:10:38,789 [Worker-50: Launching mavenrun-e9857a21-ac10-45b4-b510-ea866373a06f] INFO  o.eclipse.m2e.core.internal.Bundles - 	Entry: C:\Users\NSult\.p2\pool\plugins\org.eclipse.m2e.maven.runtime_3.9.400.20230826-0755\jars\org.eclipse.sisu.plexus-0.3.5.jar
2023-12-16 17:10:38,790 [Worker-50: Launching mavenrun-e9857a21-ac10-45b4-b510-ea866373a06f] INFO  o.eclipse.m2e.core.internal.Bundles - 	Entry: C:\Users\NSult\.p2\pool\plugins\org.eclipse.m2e.maven.runtime_3.9.400.20230826-0755\jars\plexus-build-api-0.0.7.jar
2023-12-16 17:10:38,790 [Worker-50: Launching mavenrun-e9857a21-ac10-45b4-b510-ea866373a06f] INFO  o.eclipse.m2e.core.internal.Bundles - 	Entry: C:\Users\NSult\.p2\pool\plugins\org.eclipse.m2e.maven.runtime_3.9.400.20230826-0755\jars\plexus-cipher-2.0.jar
2023-12-16 17:10:38,791 [Worker-50: Launching mavenrun-e9857a21-ac10-45b4-b510-ea866373a06f] INFO  o.eclipse.m2e.core.internal.Bundles - 	Entry: C:\Users\NSult\.p2\pool\plugins\org.eclipse.m2e.maven.runtime_3.9.400.20230826-0755\jars\plexus-classworlds-2.7.0.jar
2023-12-16 17:10:38,791 [Worker-50: Launching mavenrun-e9857a21-ac10-45b4-b510-ea866373a06f] INFO  o.eclipse.m2e.core.internal.Bundles - 	Entry: C:\Users\NSult\.p2\pool\plugins\org.eclipse.m2e.maven.runtime_3.9.400.20230826-0755\jars\plexus-component-annotations-2.1.0.jar
2023-12-16 17:10:38,791 [Worker-50: Launching mavenrun-e9857a21-ac10-45b4-b510-ea866373a06f] INFO  o.eclipse.m2e.core.internal.Bundles - 	Entry: C:\Users\NSult\.p2\pool\plugins\org.eclipse.m2e.maven.runtime_3.9.400.20230826-0755\jars\plexus-interpolation-1.26.jar
2023-12-16 17:10:38,792 [Worker-50: Launching mavenrun-e9857a21-ac10-45b4-b510-ea866373a06f] INFO  o.eclipse.m2e.core.internal.Bundles - 	Entry: C:\Users\NSult\.p2\pool\plugins\org.eclipse.m2e.maven.runtime_3.9.400.20230826-0755\jars\plexus-sec-dispatcher-2.0.jar
2023-12-16 17:10:38,792 [Worker-50: Launching mavenrun-e9857a21-ac10-45b4-b510-ea866373a06f] INFO  o.eclipse.m2e.core.internal.Bundles - 	Entry: C:\Users\NSult\.p2\pool\plugins\org.eclipse.m2e.maven.runtime_3.9.400.20230826-0755\jars\plexus-utils-3.5.1.jar
2023-12-16 17:10:38,792 [Worker-50: Launching mavenrun-e9857a21-ac10-45b4-b510-ea866373a06f] INFO  o.eclipse.m2e.core.internal.Bundles - 	Entry: C:\Users\NSult\.p2\pool\plugins\org.eclipse.m2e.maven.runtime_3.9.400.20230826-0755\jars\wagon-file-3.5.3.jar
2023-12-16 17:10:38,792 [Worker-50: Launching mavenrun-e9857a21-ac10-45b4-b510-ea866373a06f] INFO  o.eclipse.m2e.core.internal.Bundles - 	Entry: C:\Users\NSult\.p2\pool\plugins\org.eclipse.m2e.maven.runtime_3.9.400.20230826-0755\jars\wagon-provider-api-3.5.3.jar
2023-12-16 17:10:38,794 [Worker-50: Launching mavenrun-e9857a21-ac10-45b4-b510-ea866373a06f] INFO  o.eclipse.m2e.core.internal.Bundles - getClasspathEntries(Bundle=com.google.guava_32.1.2.jre [12])
2023-12-16 17:10:38,794 [Worker-50: Launching mavenrun-e9857a21-ac10-45b4-b510-ea866373a06f] INFO  o.eclipse.m2e.core.internal.Bundles - 	Entry: C:\Users\NSult\.p2\pool\plugins\com.google.guava_32.1.2.jre.jar
2023-12-16 17:10:38,794 [Worker-50: Launching mavenrun-e9857a21-ac10-45b4-b510-ea866373a06f] INFO  o.eclipse.m2e.core.internal.Bundles - getClasspathEntries(Bundle=slf4j.api_2.0.9 [984])
2023-12-16 17:10:38,795 [Worker-50: Launching mavenrun-e9857a21-ac10-45b4-b510-ea866373a06f] INFO  o.eclipse.m2e.core.internal.Bundles - 	Entry: C:\Users\NSult\.p2\pool\plugins\slf4j.api_2.0.9.jar
2023-12-16 17:10:38,795 [Worker-50: Launching mavenrun-e9857a21-ac10-45b4-b510-ea866373a06f] INFO  o.eclipse.m2e.core.internal.Bundles - getClasspathEntries(Bundle=javax.inject_1.0.0.v20220405-0441 [38])
2023-12-16 17:10:38,795 [Worker-50: Launching mavenrun-e9857a21-ac10-45b4-b510-ea866373a06f] INFO  o.eclipse.m2e.core.internal.Bundles - 	Entry: C:\Users\NSult\.p2\pool\plugins\javax.inject_1.0.0.v20220405-0441.jar
2023-12-16 17:10:38,795 [Worker-50: Launching mavenrun-e9857a21-ac10-45b4-b510-ea866373a06f] INFO  o.eclipse.m2e.core.internal.Bundles - getClasspathEntries(Bundle=javax.annotation_1.3.5.v20200909-1856 [36])
2023-12-16 17:10:38,795 [Worker-50: Launching mavenrun-e9857a21-ac10-45b4-b510-ea866373a06f] INFO  o.eclipse.m2e.core.internal.Bundles - 	Entry: C:\Users\NSult\.p2\pool\plugins\javax.annotation_1.3.5.v20200909-1856.jar
2023-12-16 17:10:38,795 [Worker-50: Launching mavenrun-e9857a21-ac10-45b4-b510-ea866373a06f] INFO  o.eclipse.m2e.core.internal.Bundles - getClasspathEntries(Bundle=org.apache.commons.cli_1.5.0 [73])
2023-12-16 17:10:38,796 [Worker-50: Launching mavenrun-e9857a21-ac10-45b4-b510-ea866373a06f] INFO  o.eclipse.m2e.core.internal.Bundles - 	Entry: C:\Users\NSult\.p2\pool\plugins\org.apache.commons.cli_1.5.0.jar
2023-12-16 17:10:38,796 [Worker-50: Launching mavenrun-e9857a21-ac10-45b4-b510-ea866373a06f] INFO  o.eclipse.m2e.core.internal.Bundles - getClasspathEntries(Bundle=com.google.guava.failureaccess_1.0.1 [14])
2023-12-16 17:10:38,796 [Worker-50: Launching mavenrun-e9857a21-ac10-45b4-b510-ea866373a06f] INFO  o.eclipse.m2e.core.internal.Bundles - 	Entry: C:\Users\NSult\.p2\pool\plugins\com.google.guava.failureaccess_1.0.1.jar
2023-12-16 17:10:38,804 [Worker-50: Launching mavenrun-e9857a21-ac10-45b4-b510-ea866373a06f] INFO  o.e.m.i.launch.MavenLaunchDelegate - Run build in "C:\Users\NSult\AppData\Local\Temp\m2e-archetypeGenerator11557021736697003368":
2023-12-16 17:10:38,808 [Worker-50: Launching mavenrun-e9857a21-ac10-45b4-b510-ea866373a06f] INFO  o.e.m.i.launch.MavenLaunchDelegate -  mvn  -DarchetypeGroupId=am.ik.archetype -DarchetypeArtifactId=spring-boot-blank-archetype -DarchetypeVersion=1.0.6 -DgroupId=com.telusko -DartifactId=Demo2 -Dversion=0.0.1-SNAPSHOT -Dpackage=com.telusko.Demo2 -DoutputDirectory=D:\IndustryReadyJava\Maven\workspace -Dstyle.color=always -U archetype:generate
